<?xml version="1.0" encoding="UTF-8"?>
<!-- Generated by org.testng.reporters.JUnitReportReporter -->
<testsuite hostname="Vivek" failures="0" tests="1" name="ecommerce.Ajio" time="9.380" errors="0" timestamp="2023-09-18T12:00:00 IST" skipped="0">
  <testcase classname="ecommerce.Ajio" name="ajioTest" time="9.380"/>
  <system-out>
    <![CDATA[opening ajio ]]>
  </system-out>
</testsuite> <!-- ecommerce.Ajio -->
