<?xml version="1.0" encoding="UTF-8"?>
<!-- Generated by org.testng.reporters.JUnitReportReporter -->
<testsuite hostname="Vivek" failures="0" tests="1" name="ecommerce.Amazzon" time="8.600" errors="0" timestamp="2023-09-18T12:00:00 IST" skipped="0">
  <testcase classname="ecommerce.Amazzon" name="amazonnTest" time="8.600"/>
  <system-out>
    <![CDATA[Opening Amazone Browser ]]>
  </system-out>
</testsuite> <!-- ecommerce.Amazzon -->
